<?xml version="1.0" encoding="UTF-8"?>
<testng-results ignored="0" total="3" passed="3" failed="0" skipped="0">
  <reporter-output>
    <line>
      <![CDATA[bhanu]]>
    </line>
    <line>
      <![CDATA[Test1....]]>
    </line>
    <line>
      <![CDATA[Test2....]]>
    </line>
    <line>
      <![CDATA[Test3....]]>
    </line>
  </reporter-output>
  <suite started-at="2023-07-28T17:20:04 IST" name="Suite" finished-at="2023-07-28T17:20:26 IST" duration-ms="22165">
    <groups>
    </groups>
    <test started-at="2023-07-28T17:20:04 IST" name="Test" finished-at="2023-07-28T17:20:26 IST" duration-ms="22165">
      <class name="Script.Test1">
        <test-method is-config="true" signature="preCondition(java.lang.String,java.lang.String,java.lang.String,java.lang.String)[pri:0, instance:Script.Test1@7b98f307]" started-at="2023-07-28T17:20:04 IST" name="preCondition" finished-at="2023-07-28T17:20:11 IST" duration-ms="7306" status="PASS">
          <params>
            <param index="0">
              <value>
                <![CDATA[https://www.fb.com]]>
              </value>
            </param>
            <param index="1">
              <value>
                <![CDATA[chrome]]>
              </value>
            </param>
            <param index="2">
              <value>
                <![CDATA[9]]>
              </value>
            </param>
            <param index="3">
              <value>
                <![CDATA[7]]>
              </value>
            </param>
          </params>
          <reporter-output>
          </reporter-output>
        </test-method> <!-- preCondition -->
        <test-method signature="test1()[pri:0, instance:Script.Test1@7b98f307]" started-at="2023-07-28T17:20:11 IST" name="test1" finished-at="2023-07-28T17:20:13 IST" duration-ms="1490" status="PASS">
          <reporter-output>
            <line>
              <![CDATA[bhanu]]>
            </line>
            <line>
              <![CDATA[Test1....]]>
            </line>
          </reporter-output>
        </test-method> <!-- test1 -->
        <test-method is-config="true" signature="postCondition()[pri:0, instance:Script.Test1@7b98f307]" started-at="2023-07-28T17:20:13 IST" name="postCondition" finished-at="2023-07-28T17:20:13 IST" duration-ms="299" status="PASS">
          <reporter-output>
          </reporter-output>
        </test-method> <!-- postCondition -->
      </class> <!-- Script.Test1 -->
      <class name="Script.Test2">
        <test-method is-config="true" signature="preCondition(java.lang.String,java.lang.String,java.lang.String,java.lang.String)[pri:0, instance:Script.Test2@22ff4249]" started-at="2023-07-28T17:20:13 IST" name="preCondition" finished-at="2023-07-28T17:20:18 IST" duration-ms="5512" status="PASS">
          <params>
            <param index="0">
              <value>
                <![CDATA[https://www.fb.com]]>
              </value>
            </param>
            <param index="1">
              <value>
                <![CDATA[chrome]]>
              </value>
            </param>
            <param index="2">
              <value>
                <![CDATA[9]]>
              </value>
            </param>
            <param index="3">
              <value>
                <![CDATA[7]]>
              </value>
            </param>
          </params>
          <reporter-output>
          </reporter-output>
        </test-method> <!-- preCondition -->
        <test-method signature="test2()[pri:0, instance:Script.Test2@22ff4249]" started-at="2023-07-28T17:20:18 IST" name="test2" finished-at="2023-07-28T17:20:18 IST" duration-ms="1" status="PASS">
          <reporter-output>
            <line>
              <![CDATA[Test2....]]>
            </line>
          </reporter-output>
        </test-method> <!-- test2 -->
        <test-method is-config="true" signature="postCondition()[pri:0, instance:Script.Test2@22ff4249]" started-at="2023-07-28T17:20:18 IST" name="postCondition" finished-at="2023-07-28T17:20:19 IST" duration-ms="753" status="PASS">
          <reporter-output>
          </reporter-output>
        </test-method> <!-- postCondition -->
      </class> <!-- Script.Test2 -->
      <class name="Script.Test3">
        <test-method is-config="true" signature="preCondition(java.lang.String,java.lang.String,java.lang.String,java.lang.String)[pri:0, instance:Script.Test3@2d1ef81a]" started-at="2023-07-28T17:20:19 IST" name="preCondition" finished-at="2023-07-28T17:20:25 IST" duration-ms="6158" status="PASS">
          <params>
            <param index="0">
              <value>
                <![CDATA[https://www.fb.com]]>
              </value>
            </param>
            <param index="1">
              <value>
                <![CDATA[chrome]]>
              </value>
            </param>
            <param index="2">
              <value>
                <![CDATA[9]]>
              </value>
            </param>
            <param index="3">
              <value>
                <![CDATA[7]]>
              </value>
            </param>
          </params>
          <reporter-output>
          </reporter-output>
        </test-method> <!-- preCondition -->
        <test-method signature="test3()[pri:0, instance:Script.Test3@2d1ef81a]" started-at="2023-07-28T17:20:25 IST" name="test3" finished-at="2023-07-28T17:20:25 IST" duration-ms="1" status="PASS">
          <reporter-output>
            <line>
              <![CDATA[Test3....]]>
            </line>
          </reporter-output>
        </test-method> <!-- test3 -->
        <test-method is-config="true" signature="postCondition()[pri:0, instance:Script.Test3@2d1ef81a]" started-at="2023-07-28T17:20:25 IST" name="postCondition" finished-at="2023-07-28T17:20:26 IST" duration-ms="568" status="PASS">
          <reporter-output>
          </reporter-output>
        </test-method> <!-- postCondition -->
      </class> <!-- Script.Test3 -->
    </test> <!-- Test -->
  </suite> <!-- Suite -->
</testng-results>
