<?xml version="1.0" encoding="UTF-8"?>
<testng-results ignored="0" total="2" passed="2" failed="0" skipped="0">
  <reporter-output>
    <line>
      <![CDATA[bhanu]]>
    </line>
    <line>
      <![CDATA[Test1....]]>
    </line>
    <line>
      <![CDATA[hi]]>
    </line>
  </reporter-output>
  <suite started-at="2023-07-30T13:59:57 IST" name="Default suite" finished-at="2023-07-30T14:00:32 IST" duration-ms="35097">
    <groups>
    </groups>
    <test started-at="2023-07-30T13:59:57 IST" name="Default test" finished-at="2023-07-30T14:00:32 IST" duration-ms="35097">
      <class name="Script.Test1">
        <test-method is-config="true" signature="preCondition(java.lang.String,java.lang.String,java.lang.String,java.lang.String)[pri:0, instance:Script.Test1@128d2484]" started-at="2023-07-30T13:59:57 IST" name="preCondition" finished-at="2023-07-30T14:00:16 IST" duration-ms="19419" status="PASS">
          <params>
            <param index="0">
              <value>
                <![CDATA[https://demo.actitime.com]]>
              </value>
            </param>
            <param index="1">
              <value>
                <![CDATA[edge]]>
              </value>
            </param>
            <param index="2">
              <value>
                <![CDATA[6]]>
              </value>
            </param>
            <param index="3">
              <value>
                <![CDATA[7]]>
              </value>
            </param>
          </params>
          <reporter-output>
          </reporter-output>
        </test-method> <!-- preCondition -->
        <test-method signature="test1()[pri:0, instance:Script.Test1@128d2484]" started-at="2023-07-30T14:00:16 IST" name="test1" finished-at="2023-07-30T14:00:17 IST" duration-ms="1385" status="PASS">
          <reporter-output>
            <line>
              <![CDATA[bhanu]]>
            </line>
            <line>
              <![CDATA[Test1....]]>
            </line>
          </reporter-output>
        </test-method> <!-- test1 -->
        <test-method is-config="true" signature="postCondition()[pri:0, instance:Script.Test1@128d2484]" started-at="2023-07-30T14:00:17 IST" name="postCondition" finished-at="2023-07-30T14:00:18 IST" duration-ms="474" status="PASS">
          <reporter-output>
          </reporter-output>
        </test-method> <!-- postCondition -->
        <test-method is-config="true" signature="preCondition(java.lang.String,java.lang.String,java.lang.String,java.lang.String)[pri:0, instance:Script.Test1@128d2484]" started-at="2023-07-30T14:00:18 IST" name="preCondition" finished-at="2023-07-30T14:00:31 IST" duration-ms="13433" status="PASS">
          <params>
            <param index="0">
              <value>
                <![CDATA[https://demo.actitime.com]]>
              </value>
            </param>
            <param index="1">
              <value>
                <![CDATA[edge]]>
              </value>
            </param>
            <param index="2">
              <value>
                <![CDATA[6]]>
              </value>
            </param>
            <param index="3">
              <value>
                <![CDATA[7]]>
              </value>
            </param>
          </params>
          <reporter-output>
          </reporter-output>
        </test-method> <!-- preCondition -->
        <test-method signature="test2()[pri:0, instance:Script.Test1@128d2484]" started-at="2023-07-30T14:00:31 IST" name="test2" finished-at="2023-07-30T14:00:31 IST" duration-ms="10" status="PASS">
          <reporter-output>
            <line>
              <![CDATA[hi]]>
            </line>
          </reporter-output>
        </test-method> <!-- test2 -->
        <test-method is-config="true" signature="postCondition()[pri:0, instance:Script.Test1@128d2484]" started-at="2023-07-30T14:00:31 IST" name="postCondition" finished-at="2023-07-30T14:00:32 IST" duration-ms="305" status="PASS">
          <reporter-output>
          </reporter-output>
        </test-method> <!-- postCondition -->
      </class> <!-- Script.Test1 -->
    </test> <!-- Default test -->
  </suite> <!-- Default suite -->
</testng-results>
